Performing C SOURCE FILE Test CMAKE_HAVE_LIBC_PTHREAD failed with the following output:
Change Dir: /tmp/mmo/Debug/CMakeFiles/CMakeTmp

Run Build Command(s):/usr/bin/make cmTC_35849/fast && /usr/bin/make  -f CMakeFiles/cmTC_35849.dir/build.make CMakeFiles/cmTC_35849.dir/build
make[1]: Entering directory '/tmp/mmo/Debug/CMakeFiles/CMakeTmp'
Building C object CMakeFiles/cmTC_35849.dir/src.c.o
/usr/bin/cc -DCMAKE_HAVE_LIBC_PTHREAD   -o CMakeFiles/cmTC_35849.dir/src.c.o -c /tmp/mmo/Debug/CMakeFiles/CMakeTmp/src.c
Linking C executable cmTC_35849
/usr/bin/cmake -E cmake_link_script CMakeFiles/cmTC_35849.dir/link.txt --verbose=1
/usr/bin/cc -rdynamic CMakeFiles/cmTC_35849.dir/src.c.o -o cmTC_35849 
/usr/bin/ld: CMakeFiles/cmTC_35849.dir/src.c.o: in function `main':
src.c:(.text+0x3e): undefined reference to `pthread_create'
/usr/bin/ld: src.c:(.text+0x4a): undefined reference to `pthread_detach'
/usr/bin/ld: src.c:(.text+0x56): undefined reference to `pthread_cancel'
/usr/bin/ld: src.c:(.text+0x67): undefined reference to `pthread_join'
collect2: error: ld returned 1 exit status
make[1]: *** [CMakeFiles/cmTC_35849.dir/build.make:106: cmTC_35849] Error 1
make[1]: Leaving directory '/tmp/mmo/Debug/CMakeFiles/CMakeTmp'
make: *** [Makefile:140: cmTC_35849/fast] Error 2


Source file was:
#include <pthread.h>

static void* test_func(void* data)
{
  return data;
}

int main(void)
{
  pthread_t thread;
  pthread_create(&thread, NULL, test_func, NULL);
  pthread_detach(thread);
  pthread_cancel(thread);
  pthread_join(thread, NULL);
  pthread_atfork(NULL, NULL, NULL);
  pthread_exit(NULL);

  return 0;
}

Determining if the function pthread_create exists in the pthreads failed with the following output:
Change Dir: /tmp/mmo/Debug/CMakeFiles/CMakeTmp

Run Build Command(s):/usr/bin/make cmTC_29295/fast && /usr/bin/make  -f CMakeFiles/cmTC_29295.dir/build.make CMakeFiles/cmTC_29295.dir/build
make[1]: Entering directory '/tmp/mmo/Debug/CMakeFiles/CMakeTmp'
Building C object CMakeFiles/cmTC_29295.dir/CheckFunctionExists.c.o
/usr/bin/cc   -DCHECK_FUNCTION_EXISTS=pthread_create -o CMakeFiles/cmTC_29295.dir/CheckFunctionExists.c.o -c /usr/share/cmake-3.19/Modules/CheckFunctionExists.c
Linking C executable cmTC_29295
/usr/bin/cmake -E cmake_link_script CMakeFiles/cmTC_29295.dir/link.txt --verbose=1
/usr/bin/cc  -DCHECK_FUNCTION_EXISTS=pthread_create -rdynamic CMakeFiles/cmTC_29295.dir/CheckFunctionExists.c.o -o cmTC_29295  -lpthreads 
/usr/bin/ld: cannot find -lpthreads
collect2: error: ld returned 1 exit status
make[1]: *** [CMakeFiles/cmTC_29295.dir/build.make:106: cmTC_29295] Error 1
make[1]: Leaving directory '/tmp/mmo/Debug/CMakeFiles/CMakeTmp'
make: *** [Makefile:140: cmTC_29295/fast] Error 2



